<?xml version="1.0" encoding="UTF-8"?>
<coverage generated="1506159213886" clover="3.2.0">
  <project timestamp="1506159213886" name="All files">
    <metrics statements="58" coveredstatements="55" conditionals="14" coveredconditionals="11" methods="11" coveredmethods="11" elements="83" coveredelements="77" complexity="0" loc="58" ncloc="58" packages="4" files="5" classes="5">
      <package name="app">
        <metrics statements="3" coveredstatements="3" conditionals="0" coveredconditionals="0" methods="0" coveredmethods="0"/>
        <file name="config.ts" path="E:\office r&d\NodeJs\jwtauthentication\jwtauthentication\app\config.ts">
          <metrics statements="3" coveredstatements="3" conditionals="0" coveredconditionals="0" methods="0" coveredmethods="0"/>
          <line num="2" count="1" type="stmt"/>
          <line num="3" count="1" type="stmt"/>
          <line num="7" count="1" type="stmt"/>
        </file>
      </package>
      <package name="app.services">
        <metrics statements="31" coveredstatements="29" conditionals="8" coveredconditionals="6" methods="7" coveredmethods="7"/>
        <file name="productService.ts" path="E:\office r&d\NodeJs\jwtauthentication\jwtauthentication\app\services\productService.ts">
          <metrics statements="10" coveredstatements="9" conditionals="2" coveredconditionals="1" methods="3" coveredmethods="3"/>
          <line num="2" count="1" type="stmt"/>
          <line num="3" count="1" type="stmt"/>
          <line num="4" count="1" type="stmt"/>
          <line num="9" count="2" type="stmt"/>
          <line num="10" count="2" type="stmt"/>
          <line num="11" count="2" type="cond" truecount="1" falsecount="1"/>
          <line num="12" count="2" type="stmt"/>
          <line num="15" count="0" type="stmt"/>
          <line num="18" count="2" type="stmt"/>
          <line num="21" count="1" type="stmt"/>
        </file>
        <file name="userService.ts" path="E:\office r&d\NodeJs\jwtauthentication\jwtauthentication\app\services\userService.ts">
          <metrics statements="21" coveredstatements="20" conditionals="6" coveredconditionals="5" methods="4" coveredmethods="4"/>
          <line num="2" count="1" type="stmt"/>
          <line num="3" count="1" type="stmt"/>
          <line num="4" count="1" type="stmt"/>
          <line num="5" count="1" type="stmt"/>
          <line num="8" count="4" type="stmt"/>
          <line num="9" count="4" type="stmt"/>
          <line num="10" count="4" type="stmt"/>
          <line num="13" count="3" type="stmt"/>
          <line num="14" count="3" type="stmt"/>
          <line num="15" count="6" type="stmt"/>
          <line num="17" count="3" type="stmt"/>
          <line num="18" count="3" type="cond" truecount="4" falsecount="0"/>
          <line num="19" count="2" type="stmt"/>
          <line num="22" count="1" type="stmt"/>
          <line num="24" count="3" type="stmt"/>
          <line num="27" count="1" type="stmt"/>
          <line num="28" count="1" type="cond" truecount="1" falsecount="1"/>
          <line num="29" count="1" type="stmt"/>
          <line num="32" count="0" type="stmt"/>
          <line num="34" count="1" type="stmt"/>
          <line num="37" count="1" type="stmt"/>
        </file>
      </package>
      <package name="build.app">
        <metrics statements="3" coveredstatements="3" conditionals="0" coveredconditionals="0" methods="0" coveredmethods="0"/>
        <file name="config.js" path="E:\office r&d\NodeJs\jwtauthentication\jwtauthentication\build\app\config.js">
          <metrics statements="3" coveredstatements="3" conditionals="0" coveredconditionals="0" methods="0" coveredmethods="0"/>
          <line num="2" count="1" type="stmt"/>
          <line num="3" count="1" type="stmt"/>
          <line num="7" count="1" type="stmt"/>
        </file>
      </package>
      <package name="build.app.services">
        <metrics statements="21" coveredstatements="20" conditionals="6" coveredconditionals="5" methods="4" coveredmethods="4"/>
        <file name="userService.js" path="E:\office r&d\NodeJs\jwtauthentication\jwtauthentication\build\app\services\userService.js">
          <metrics statements="21" coveredstatements="20" conditionals="6" coveredconditionals="5" methods="4" coveredmethods="4"/>
          <line num="2" count="1" type="stmt"/>
          <line num="3" count="1" type="stmt"/>
          <line num="4" count="1" type="stmt"/>
          <line num="5" count="1" type="stmt"/>
          <line num="8" count="4" type="stmt"/>
          <line num="9" count="4" type="stmt"/>
          <line num="10" count="4" type="stmt"/>
          <line num="13" count="3" type="stmt"/>
          <line num="14" count="3" type="stmt"/>
          <line num="15" count="6" type="stmt"/>
          <line num="17" count="3" type="stmt"/>
          <line num="18" count="3" type="cond" truecount="4" falsecount="0"/>
          <line num="19" count="2" type="stmt"/>
          <line num="22" count="1" type="stmt"/>
          <line num="24" count="3" type="stmt"/>
          <line num="27" count="1" type="stmt"/>
          <line num="28" count="1" type="cond" truecount="1" falsecount="1"/>
          <line num="29" count="1" type="stmt"/>
          <line num="32" count="0" type="stmt"/>
          <line num="34" count="1" type="stmt"/>
          <line num="37" count="1" type="stmt"/>
        </file>
      </package>
    </metrics>
  </project>
</coverage>
