{"E:\\office r&d\\NodeJs\\jwtauthentication\\jwtauthentication\\app\\config.ts": {"path":"E:\\office r&d\\NodeJs\\jwtauthentication\\jwtauthentication\\app\\config.ts","statementMap":{"0":{"start":{"line":2,"column":0},"end":{"line":2,"column":62}},"1":{"start":{"line":3,"column":15},"end":{"line":6,"column":1}},"2":{"start":{"line":7,"column":0},"end":{"line":7,"column":25}}},"fnMap":{},"branchMap":{},"s":{"0":1,"1":1,"2":1},"f":{},"b":{},"inputSourceMap":{"version":3,"file":"config.js","sourceRoot":"","sources":["config.ts"],"names":[],"mappings":";;AAAA,MAAM,MAAM,GAAG;IACX,QAAQ,EAAE,uBAAuB;IACjC,QAAQ,EAAE,UAAU;CACvB,CAAC;AACF,kBAAe,MAAM,CAAC","sourcesContent":["const config = {\r\n    \"apiUrl\": \"http://localhost:3001\",\r\n    \"secret\": \"mysecret\"\r\n};\r\nexport default config;"]},"_coverageSchema":"332fd63041d2c1bcb487cc26dd0d5f7d97098a6c","hash":"dfd919eb2790296ad944d28082a3272054a1e1ce"}
,"E:\\office r&d\\NodeJs\\jwtauthentication\\jwtauthentication\\app\\services\\productService.ts": {"path":"E:\\office r&d\\NodeJs\\jwtauthentication\\jwtauthentication\\app\\services\\productService.ts","statementMap":{"0":{"start":{"line":2,"column":0},"end":{"line":2,"column":62}},"1":{"start":{"line":3,"column":8},"end":{"line":3,"column":20}},"2":{"start":{"line":4,"column":21},"end":{"line":4,"column":46}},"3":{"start":{"line":9,"column":23},"end":{"line":9,"column":32}},"4":{"start":{"line":10,"column":8},"end":{"line":17,"column":11}},"5":{"start":{"line":11,"column":12},"end":{"line":16,"column":13}},"6":{"start":{"line":12,"column":16},"end":{"line":12,"column":46}},"7":{"start":{"line":15,"column":16},"end":{"line":15,"column":35}},"8":{"start":{"line":18,"column":8},"end":{"line":18,"column":32}},"9":{"start":{"line":21,"column":0},"end":{"line":21,"column":40}}},"fnMap":{"0":{"name":"(anonymous_0)","decl":{"start":{"line":6,"column":4},"end":{"line":6,"column":5}},"loc":{"start":{"line":6,"column":18},"end":{"line":7,"column":5}},"line":6},"1":{"name":"(anonymous_1)","decl":{"start":{"line":8,"column":4},"end":{"line":8,"column":5}},"loc":{"start":{"line":8,"column":18},"end":{"line":19,"column":5}},"line":8},"2":{"name":"(anonymous_2)","decl":{"start":{"line":10,"column":60},"end":{"line":10,"column":61}},"loc":{"start":{"line":10,"column":77},"end":{"line":17,"column":9}},"line":10}},"branchMap":{"0":{"loc":{"start":{"line":11,"column":12},"end":{"line":16,"column":13}},"type":"if","locations":[{"start":{"line":11,"column":12},"end":{"line":16,"column":13}},{"start":{"line":11,"column":12},"end":{"line":16,"column":13}}],"line":11}},"s":{"0":1,"1":1,"2":1,"3":2,"4":2,"5":2,"6":2,"7":0,"8":2,"9":1},"f":{"0":2,"1":2,"2":2},"b":{"0":[2,0]},"inputSourceMap":{"version":3,"file":"productService.js","sourceRoot":"","sources":["productService.ts"],"names":[],"mappings":";;AAEA,IAAI,CAAC,GAAG,OAAO,CAAC,GAAG,CAAC,CAAC;AACrB,MAAM,YAAY,GAAG,OAAO,CAAC,gBAAgB,CAAC,CAAC;AAE/C;IAEI;IAEE,CAAC;IAEI,WAAW;QACd,IAAI,QAAQ,GAAG,CAAC,CAAC,KAAK,EAAE,CAAC;QACzB,YAAY,CAAC,gCAAgC,CAAC,CAAC,IAAI,CAAC,CAAC,WAA0B;YAC3E,EAAE,CAAA,CAAC,WAAW,CAAC,CAAC,CAAC;gBACb,QAAQ,CAAC,OAAO,CAAC,WAAW,CAAC,CAAC;YAClC,CAAC;YAAC,IAAI,CAAC,CAAC;gBACJ,QAAQ,CAAC,OAAO,EAAE,CAAC;YACvB,CAAC;QAEL,CAAC,CAAC,CAAC;QACH,MAAM,CAAC,QAAQ,CAAC,OAAO,CAAC;IAC5B,CAAC;CAEJ;AAnBD,wCAmBC","sourcesContent":["import {Product} from '../model/product';\r\nimport config from '../config';\r\nvar Q = require('q');\r\nconst loadJsonFile = require('load-json-file');\r\n\r\nexport class ProductService {\r\n    \r\n    constructor() {\r\n       \r\n      }\r\n\r\n    public getProducts(){\r\n        var deferred = Q.defer();\r\n        loadJsonFile('app/services/data/product.json').then((productList:Array<Product>) =>{\r\n            if(productList) {\r\n                deferred.resolve(productList);\r\n            } else {\r\n                deferred.resolve();\r\n            }\r\n           \r\n        });\r\n        return deferred.promise;\r\n    }\r\n\r\n}"]},"_coverageSchema":"332fd63041d2c1bcb487cc26dd0d5f7d97098a6c","hash":"68974171000b20bb27aa9f2015abbbf9dc111230"}
,"E:\\office r&d\\NodeJs\\jwtauthentication\\jwtauthentication\\app\\services\\userService.ts": {"path":"E:\\office r&d\\NodeJs\\jwtauthentication\\jwtauthentication\\app\\services\\userService.ts","statementMap":{"0":{"start":{"line":2,"column":0},"end":{"line":2,"column":62}},"1":{"start":{"line":3,"column":17},"end":{"line":3,"column":37}},"2":{"start":{"line":4,"column":10},"end":{"line":4,"column":33}},"3":{"start":{"line":5,"column":8},"end":{"line":5,"column":20}},"4":{"start":{"line":8,"column":8},"end":{"line":8,"column":27}},"5":{"start":{"line":9,"column":8},"end":{"line":9,"column":208}},"6":{"start":{"line":10,"column":8},"end":{"line":10,"column":208}},"7":{"start":{"line":13,"column":23},"end":{"line":13,"column":32}},"8":{"start":{"line":14,"column":20},"end":{"line":16,"column":10}},"9":{"start":{"line":15,"column":12},"end":{"line":15,"column":48}},"10":{"start":{"line":17,"column":22},"end":{"line":17,"column":30}},"11":{"start":{"line":18,"column":8},"end":{"line":23,"column":9}},"12":{"start":{"line":19,"column":12},"end":{"line":19,"column":212}},"13":{"start":{"line":22,"column":12},"end":{"line":22,"column":31}},"14":{"start":{"line":24,"column":8},"end":{"line":24,"column":32}},"15":{"start":{"line":27,"column":23},"end":{"line":27,"column":32}},"16":{"start":{"line":28,"column":8},"end":{"line":33,"column":9}},"17":{"start":{"line":29,"column":12},"end":{"line":29,"column":44}},"18":{"start":{"line":32,"column":12},"end":{"line":32,"column":31}},"19":{"start":{"line":34,"column":8},"end":{"line":34,"column":32}},"20":{"start":{"line":37,"column":0},"end":{"line":37,"column":34}}},"fnMap":{"0":{"name":"(anonymous_0)","decl":{"start":{"line":7,"column":4},"end":{"line":7,"column":5}},"loc":{"start":{"line":7,"column":18},"end":{"line":11,"column":5}},"line":7},"1":{"name":"(anonymous_1)","decl":{"start":{"line":12,"column":4},"end":{"line":12,"column":5}},"loc":{"start":{"line":12,"column":37},"end":{"line":25,"column":5}},"line":12},"2":{"name":"(anonymous_2)","decl":{"start":{"line":14,"column":41},"end":{"line":14,"column":42}},"loc":{"start":{"line":14,"column":57},"end":{"line":16,"column":9}},"line":14},"3":{"name":"(anonymous_3)","decl":{"start":{"line":26,"column":4},"end":{"line":26,"column":5}},"loc":{"start":{"line":26,"column":15},"end":{"line":35,"column":5}},"line":26}},"branchMap":{"0":{"loc":{"start":{"line":18,"column":8},"end":{"line":23,"column":9}},"type":"if","locations":[{"start":{"line":18,"column":8},"end":{"line":23,"column":9}},{"start":{"line":18,"column":8},"end":{"line":23,"column":9}}],"line":18},"1":{"loc":{"start":{"line":18,"column":12},"end":{"line":18,"column":52}},"type":"binary-expr","locations":[{"start":{"line":18,"column":12},"end":{"line":18,"column":19}},{"start":{"line":18,"column":23},"end":{"line":18,"column":52}}],"line":18},"2":{"loc":{"start":{"line":28,"column":8},"end":{"line":33,"column":9}},"type":"if","locations":[{"start":{"line":28,"column":8},"end":{"line":33,"column":9}},{"start":{"line":28,"column":8},"end":{"line":33,"column":9}}],"line":28}},"s":{"0":1,"1":1,"2":1,"3":1,"4":4,"5":4,"6":4,"7":3,"8":3,"9":6,"10":3,"11":3,"12":2,"13":1,"14":3,"15":1,"16":1,"17":1,"18":0,"19":1,"20":1},"f":{"0":4,"1":3,"2":6,"3":1},"b":{"0":[2,1],"1":[3,2],"2":[1,0]},"inputSourceMap":{"version":3,"file":"userService.js","sourceRoot":"","sources":["userService.ts"],"names":[],"mappings":";;AACA,sCAA+B;AAC/B,IAAI,GAAG,GAAG,OAAO,CAAC,cAAc,CAAC,CAAC;AAClC,IAAI,CAAC,GAAG,OAAO,CAAC,GAAG,CAAC,CAAC;AAErB;IAEI;QADQ,aAAQ,GAAe,EAAE,CAAC;QAE/B,IAAI,CAAC,QAAQ,CAAC,IAAI,CAAC,EAAC,EAAE,EAAE,CAAC,EAAC,QAAQ,EAAC,OAAO,EAAC,QAAQ,EAAC,OAAO,EAAE,KAAK,EAAE,iBAAiB,EAAC,IAAI,EAAE,EAAC,KAAK,EAAC,QAAQ,EAAC,IAAI,EAAC,WAAW,EAAC,EAAC,MAAM,EAAE,MAAM,EAAC,YAAY,EAAE,CAAC,YAAY,EAAC,YAAY,CAAC,EAAC,CAAC,CAAC;QACzL,IAAI,CAAC,QAAQ,CAAC,IAAI,CAAC,EAAC,EAAE,EAAE,CAAC,EAAC,QAAQ,EAAC,OAAO,EAAC,QAAQ,EAAC,OAAO,EAAE,KAAK,EAAE,iBAAiB,EAAC,IAAI,EAAE,EAAC,KAAK,EAAC,QAAQ,EAAC,IAAI,EAAC,WAAW,EAAC,EAAC,MAAM,EAAE,MAAM,EAAC,YAAY,EAAE,CAAC,YAAY,EAAC,YAAY,CAAC,EAAC,CAAC,CAAC;IAC1L,CAAC;IAGI,YAAY,CAAC,QAAe,EAAE,QAAe;QAChD,IAAI,QAAQ,GAAG,CAAC,CAAC,KAAK,EAAE,CAAC;QACzB,IAAI,KAAK,GAAU,IAAI,CAAC,QAAQ,CAAC,MAAM,CAAC,UAAS,IAAQ;YACrD,MAAM,CAAC,CAAC,IAAI,CAAC,QAAQ,KAAK,QAAQ,CAAC,CAAC;QACxC,CAAC,CAAC,CAAC;QACH,IAAI,OAAO,GAAQ,KAAK,CAAC,CAAC,CAAC,CAAA;QAC3B,EAAE,CAAA,CAAC,OAAO,IAAI,OAAO,CAAC,QAAQ,KAAK,QAAQ,CAAC,CAAA,CAAC;YACzC,QAAQ,CAAC,OAAO,CAAE,EAAC,KAAK,EAAE,OAAO,CAAC,KAAK,EAAC,IAAI,EAAE,OAAO,CAAC,IAAI,CAAC,KAAK,GAAE,GAAG,GAAE,OAAO,CAAC,IAAI,CAAC,IAAI,EAAC,YAAY,EAAE,OAAO,CAAC,YAAY,EAAC,KAAK,EAAE,GAAG,CAAC,IAAI,CAAC,EAAE,GAAG,EAAE,OAAO,CAAC,QAAQ,EAAE,EAAE,gBAAM,CAAC,MAAM,CAAC,EAAC,CAAC,CAAC;QAC5L,CAAC;QAAC,IAAI,CAAC,CAAC;YACJ,QAAQ,CAAC,OAAO,EAAE,CAAC;QACvB,CAAC;QACD,MAAM,CAAC,QAAQ,CAAC,OAAO,CAAC;IAC5B,CAAC;IACM,QAAQ;QACX,IAAI,QAAQ,GAAG,CAAC,CAAC,KAAK,EAAE,CAAC;QACzB,EAAE,CAAA,CAAC,IAAI,CAAC,QAAQ,CAAC,CAAA,CAAC;YACd,QAAQ,CAAC,OAAO,CAAC,IAAI,CAAC,QAAQ,CAAC,CAAC;QACpC,CAAC;QAAC,IAAI,CAAC,CAAC;YACJ,QAAQ,CAAC,OAAO,EAAE,CAAA;QACtB,CAAC;QACD,MAAM,CAAC,QAAQ,CAAC,OAAO,CAAC;IAC5B,CAAC;CAEJ;AA/BD,kCA+BC","sourcesContent":["import {User, Name} from '../model/user';\r\nimport config from '../config';\r\nvar jwt = require('jsonwebtoken');\r\nvar Q = require('q');\r\n\r\nexport class UserService {\r\n    private userList:Array<User> = [];\r\n    constructor() {\r\n       this.userList.push({id: 1,username:'user1',password:'pass1', email: 'abcd1@gmail.com',name: {first:'User 1',last:'Surname 1'},status: 'true',phoneNumbers: ['1111111111','2222222222']});\r\n       this.userList.push({id: 2,username:'user2',password:'pass2', email: 'abcd2@gmail.com',name: {first:'User 2',last:'Surname 2'},status: 'true',phoneNumbers: ['1111111112','2222222224']});\r\n      }\r\n    \r\n \r\n    public authenticate(username:string, password:string) {\r\n        var deferred = Q.defer();\r\n        let users:User[] = this.userList.filter(function(user:any){\r\n            return (user.username === username);\r\n        });\r\n        let objUser:User = users[0]\r\n        if(objUser && objUser.password === password){\r\n            deferred.resolve( {email: objUser.email,name: objUser.name.first +' '+ objUser.name.last,phoneNumbers: objUser.phoneNumbers,token: jwt.sign({ sub: objUser.username }, config.secret)});\r\n        } else {\r\n            deferred.resolve();\r\n        }\r\n        return deferred.promise;\r\n    }\r\n    public getUsers():any{\r\n        var deferred = Q.defer();\r\n        if(this.userList){\r\n            deferred.resolve(this.userList);\r\n        } else {\r\n            deferred.resolve()\r\n        }\r\n        return deferred.promise;\r\n    }\r\n\r\n}"]},"_coverageSchema":"332fd63041d2c1bcb487cc26dd0d5f7d97098a6c","hash":"7cf0f9c694588445e9afdd564e6a6cc6ca5ec5d0"}
,"E:\\office r&d\\NodeJs\\jwtauthentication\\jwtauthentication\\build\\app\\config.js": {"path":"E:\\office r&d\\NodeJs\\jwtauthentication\\jwtauthentication\\build\\app\\config.js","statementMap":{"0":{"start":{"line":2,"column":0},"end":{"line":2,"column":62}},"1":{"start":{"line":3,"column":15},"end":{"line":6,"column":1}},"2":{"start":{"line":7,"column":0},"end":{"line":7,"column":25}}},"fnMap":{},"branchMap":{},"s":{"0":1,"1":1,"2":1},"f":{},"b":{},"_coverageSchema":"332fd63041d2c1bcb487cc26dd0d5f7d97098a6c","hash":"5769ff4b372495cddec547cc190dfa21c490cc97"}
,"E:\\office r&d\\NodeJs\\jwtauthentication\\jwtauthentication\\build\\app\\services\\userService.js": {"path":"E:\\office r&d\\NodeJs\\jwtauthentication\\jwtauthentication\\build\\app\\services\\userService.js","statementMap":{"0":{"start":{"line":2,"column":0},"end":{"line":2,"column":62}},"1":{"start":{"line":3,"column":17},"end":{"line":3,"column":37}},"2":{"start":{"line":4,"column":10},"end":{"line":4,"column":33}},"3":{"start":{"line":5,"column":8},"end":{"line":5,"column":20}},"4":{"start":{"line":8,"column":8},"end":{"line":8,"column":27}},"5":{"start":{"line":9,"column":8},"end":{"line":9,"column":208}},"6":{"start":{"line":10,"column":8},"end":{"line":10,"column":208}},"7":{"start":{"line":13,"column":23},"end":{"line":13,"column":32}},"8":{"start":{"line":14,"column":20},"end":{"line":16,"column":10}},"9":{"start":{"line":15,"column":12},"end":{"line":15,"column":48}},"10":{"start":{"line":17,"column":22},"end":{"line":17,"column":30}},"11":{"start":{"line":18,"column":8},"end":{"line":23,"column":9}},"12":{"start":{"line":19,"column":12},"end":{"line":19,"column":212}},"13":{"start":{"line":22,"column":12},"end":{"line":22,"column":31}},"14":{"start":{"line":24,"column":8},"end":{"line":24,"column":32}},"15":{"start":{"line":27,"column":23},"end":{"line":27,"column":32}},"16":{"start":{"line":28,"column":8},"end":{"line":33,"column":9}},"17":{"start":{"line":29,"column":12},"end":{"line":29,"column":44}},"18":{"start":{"line":32,"column":12},"end":{"line":32,"column":31}},"19":{"start":{"line":34,"column":8},"end":{"line":34,"column":32}},"20":{"start":{"line":37,"column":0},"end":{"line":37,"column":34}}},"fnMap":{"0":{"name":"(anonymous_0)","decl":{"start":{"line":7,"column":4},"end":{"line":7,"column":5}},"loc":{"start":{"line":7,"column":18},"end":{"line":11,"column":5}},"line":7},"1":{"name":"(anonymous_1)","decl":{"start":{"line":12,"column":4},"end":{"line":12,"column":5}},"loc":{"start":{"line":12,"column":37},"end":{"line":25,"column":5}},"line":12},"2":{"name":"(anonymous_2)","decl":{"start":{"line":14,"column":41},"end":{"line":14,"column":42}},"loc":{"start":{"line":14,"column":57},"end":{"line":16,"column":9}},"line":14},"3":{"name":"(anonymous_3)","decl":{"start":{"line":26,"column":4},"end":{"line":26,"column":5}},"loc":{"start":{"line":26,"column":15},"end":{"line":35,"column":5}},"line":26}},"branchMap":{"0":{"loc":{"start":{"line":18,"column":8},"end":{"line":23,"column":9}},"type":"if","locations":[{"start":{"line":18,"column":8},"end":{"line":23,"column":9}},{"start":{"line":18,"column":8},"end":{"line":23,"column":9}}],"line":18},"1":{"loc":{"start":{"line":18,"column":12},"end":{"line":18,"column":52}},"type":"binary-expr","locations":[{"start":{"line":18,"column":12},"end":{"line":18,"column":19}},{"start":{"line":18,"column":23},"end":{"line":18,"column":52}}],"line":18},"2":{"loc":{"start":{"line":28,"column":8},"end":{"line":33,"column":9}},"type":"if","locations":[{"start":{"line":28,"column":8},"end":{"line":33,"column":9}},{"start":{"line":28,"column":8},"end":{"line":33,"column":9}}],"line":28}},"s":{"0":1,"1":1,"2":1,"3":1,"4":4,"5":4,"6":4,"7":3,"8":3,"9":6,"10":3,"11":3,"12":2,"13":1,"14":3,"15":1,"16":1,"17":1,"18":0,"19":1,"20":1},"f":{"0":4,"1":3,"2":6,"3":1},"b":{"0":[2,1],"1":[3,2],"2":[1,0]},"_coverageSchema":"332fd63041d2c1bcb487cc26dd0d5f7d97098a6c","hash":"10432ee2e0c234bc91c827f0241ff9f4f49a9668"}
}
