TN:
SF:E:\office r&d\NodeJs\jwtauthentication\jwtauthentication\app\config.ts
FNF:0
FNH:0
DA:2,1
DA:3,1
DA:7,1
LF:3
LH:3
BRF:0
BRH:0
end_of_record
TN:
SF:E:\office r&d\NodeJs\jwtauthentication\jwtauthentication\app\services\productService.ts
FN:6,(anonymous_0)
FN:8,(anonymous_1)
FN:10,(anonymous_2)
FNF:3
FNH:3
FNDA:2,(anonymous_0)
FNDA:2,(anonymous_1)
FNDA:2,(anonymous_2)
DA:2,1
DA:3,1
DA:4,1
DA:9,2
DA:10,2
DA:11,2
DA:12,2
DA:15,0
DA:18,2
DA:21,1
LF:10
LH:9
BRDA:11,0,0,2
BRDA:11,0,1,0
BRF:2
BRH:1
end_of_record
TN:
SF:E:\office r&d\NodeJs\jwtauthentication\jwtauthentication\app\services\userService.ts
FN:7,(anonymous_0)
FN:12,(anonymous_1)
FN:14,(anonymous_2)
FN:26,(anonymous_3)
FNF:4
FNH:4
FNDA:4,(anonymous_0)
FNDA:3,(anonymous_1)
FNDA:6,(anonymous_2)
FNDA:1,(anonymous_3)
DA:2,1
DA:3,1
DA:4,1
DA:5,1
DA:8,4
DA:9,4
DA:10,4
DA:13,3
DA:14,3
DA:15,6
DA:17,3
DA:18,3
DA:19,2
DA:22,1
DA:24,3
DA:27,1
DA:28,1
DA:29,1
DA:32,0
DA:34,1
DA:37,1
LF:21
LH:20
BRDA:18,0,0,2
BRDA:18,0,1,1
BRDA:18,1,0,3
BRDA:18,1,1,2
BRDA:28,2,0,1
BRDA:28,2,1,0
BRF:6
BRH:5
end_of_record
TN:
SF:E:\office r&d\NodeJs\jwtauthentication\jwtauthentication\build\app\config.js
FNF:0
FNH:0
DA:2,1
DA:3,1
DA:7,1
LF:3
LH:3
BRF:0
BRH:0
end_of_record
TN:
SF:E:\office r&d\NodeJs\jwtauthentication\jwtauthentication\build\app\services\userService.js
FN:7,(anonymous_0)
FN:12,(anonymous_1)
FN:14,(anonymous_2)
FN:26,(anonymous_3)
FNF:4
FNH:4
FNDA:4,(anonymous_0)
FNDA:3,(anonymous_1)
FNDA:6,(anonymous_2)
FNDA:1,(anonymous_3)
DA:2,1
DA:3,1
DA:4,1
DA:5,1
DA:8,4
DA:9,4
DA:10,4
DA:13,3
DA:14,3
DA:15,6
DA:17,3
DA:18,3
DA:19,2
DA:22,1
DA:24,3
DA:27,1
DA:28,1
DA:29,1
DA:32,0
DA:34,1
DA:37,1
LF:21
LH:20
BRDA:18,0,0,2
BRDA:18,0,1,1
BRDA:18,1,0,3
BRDA:18,1,1,2
BRDA:28,2,0,1
BRDA:28,2,1,0
BRF:6
BRH:5
end_of_record
